2018-11-05 0:06:10 - PHP Notice:  Undefined index: large_samples in D:\OpenServer\domains\mebel.loc\vqmod\vqcache\vq2-catalog_model_catalog_product.php on line 375
2018-11-05 0:06:10 - PHP Notice:  Undefined index: full_list in D:\OpenServer\domains\mebel.loc\vqmod\vqcache\vq2-catalog_model_catalog_product.php on line 376
2018-11-05 0:06:10 - PHP Notice:  Undefined index: large_samples in D:\OpenServer\domains\mebel.loc\vqmod\vqcache\vq2-catalog_model_catalog_product.php on line 375
2018-11-05 0:06:10 - PHP Notice:  Undefined index: full_list in D:\OpenServer\domains\mebel.loc\vqmod\vqcache\vq2-catalog_model_catalog_product.php on line 376
2018-11-05 0:06:10 - PHP Notice:  Undefined index: large_samples in D:\OpenServer\domains\mebel.loc\vqmod\vqcache\vq2-catalog_model_catalog_product.php on line 375
2018-11-05 0:06:10 - PHP Notice:  Undefined index: full_list in D:\OpenServer\domains\mebel.loc\vqmod\vqcache\vq2-catalog_model_catalog_product.php on line 376
2018-11-05 0:06:10 - PHP Notice:  Undefined index: large_samples in D:\OpenServer\domains\mebel.loc\vqmod\vqcache\vq2-catalog_model_catalog_product.php on line 375
2018-11-05 0:06:10 - PHP Notice:  Undefined index: full_list in D:\OpenServer\domains\mebel.loc\vqmod\vqcache\vq2-catalog_model_catalog_product.php on line 376
2018-11-05 0:06:10 - PHP Notice:  Undefined index: large_samples in D:\OpenServer\domains\mebel.loc\vqmod\vqcache\vq2-catalog_model_catalog_product.php on line 375
2018-11-05 0:06:10 - PHP Notice:  Undefined index: full_list in D:\OpenServer\domains\mebel.loc\vqmod\vqcache\vq2-catalog_model_catalog_product.php on line 376
2018-11-05 0:06:10 - PHP Notice:  Undefined index: large_samples in D:\OpenServer\domains\mebel.loc\vqmod\vqcache\vq2-catalog_model_catalog_product.php on line 375
2018-11-05 0:06:10 - PHP Notice:  Undefined index: full_list in D:\OpenServer\domains\mebel.loc\vqmod\vqcache\vq2-catalog_model_catalog_product.php on line 376
2018-11-05 0:06:10 - PHP Notice:  Undefined index: large_samples in D:\OpenServer\domains\mebel.loc\vqmod\vqcache\vq2-catalog_model_catalog_product.php on line 375
2018-11-05 0:06:10 - PHP Notice:  Undefined index: full_list in D:\OpenServer\domains\mebel.loc\vqmod\vqcache\vq2-catalog_model_catalog_product.php on line 376
2018-11-05 0:06:10 - PHP Notice:  Undefined index: large_samples in D:\OpenServer\domains\mebel.loc\vqmod\vqcache\vq2-catalog_model_catalog_product.php on line 375
2018-11-05 0:06:10 - PHP Notice:  Undefined index: full_list in D:\OpenServer\domains\mebel.loc\vqmod\vqcache\vq2-catalog_model_catalog_product.php on line 376
2018-11-05 0:06:10 - PHP Notice:  Undefined index: large_samples in D:\OpenServer\domains\mebel.loc\vqmod\vqcache\vq2-catalog_model_catalog_product.php on line 375
2018-11-05 0:06:10 - PHP Notice:  Undefined index: full_list in D:\OpenServer\domains\mebel.loc\vqmod\vqcache\vq2-catalog_model_catalog_product.php on line 376
2018-11-05 0:06:11 - PHP Warning:  Cannot modify header information - headers already sent by (output started at D:\OpenServer\domains\mebel.loc\catalog\controller\startup\error.php:34) in D:\OpenServer\domains\mebel.loc\catalog\controller\module\cosyone_recently.php on line 47
2018-11-05 2:56:08 - PHP Notice:  Undefined index: USD in D:\OSPanel\domains\mebel\www\system\library\cart\currency.php on line 25
2018-11-05 2:56:08 - PHP Notice:  Undefined index: USD in D:\OSPanel\domains\mebel\www\system\library\cart\currency.php on line 26
2018-11-05 2:56:08 - PHP Notice:  Undefined index: USD in D:\OSPanel\domains\mebel\www\system\library\cart\currency.php on line 27
2018-11-05 2:56:08 - PHP Notice:  Undefined index: USD in D:\OSPanel\domains\mebel\www\system\library\cart\currency.php on line 30
2018-11-05 2:56:08 - PHP Notice:  Undefined index: USD in D:\OSPanel\domains\mebel\www\system\library\cart\currency.php on line 25
2018-11-05 2:56:08 - PHP Notice:  Undefined index: USD in D:\OSPanel\domains\mebel\www\system\library\cart\currency.php on line 26
2018-11-05 2:56:08 - PHP Notice:  Undefined index: USD in D:\OSPanel\domains\mebel\www\system\library\cart\currency.php on line 27
2018-11-05 2:56:08 - PHP Notice:  Undefined index: USD in D:\OSPanel\domains\mebel\www\system\library\cart\currency.php on line 30
2018-11-05 2:56:09 - PHP Notice:  Undefined index: USD in D:\OSPanel\domains\mebel\www\system\library\cart\currency.php on line 25
2018-11-05 2:56:09 - PHP Notice:  Undefined index: USD in D:\OSPanel\domains\mebel\www\system\library\cart\currency.php on line 26
2018-11-05 2:56:09 - PHP Notice:  Undefined index: USD in D:\OSPanel\domains\mebel\www\system\library\cart\currency.php on line 27
2018-11-05 2:56:09 - PHP Notice:  Undefined index: USD in D:\OSPanel\domains\mebel\www\system\library\cart\currency.php on line 30
2018-11-05 2:56:09 - PHP Notice:  Undefined index: USD in D:\OSPanel\domains\mebel\www\system\library\cart\currency.php on line 25
2018-11-05 2:56:09 - PHP Notice:  Undefined index: USD in D:\OSPanel\domains\mebel\www\system\library\cart\currency.php on line 26
2018-11-05 2:56:09 - PHP Notice:  Undefined index: USD in D:\OSPanel\domains\mebel\www\system\library\cart\currency.php on line 27
2018-11-05 2:56:09 - PHP Notice:  Undefined index: USD in D:\OSPanel\domains\mebel\www\system\library\cart\currency.php on line 30
2018-11-05 2:56:10 - PHP Notice:  Undefined index: USD in D:\OSPanel\domains\mebel\www\system\library\cart\currency.php on line 25
2018-11-05 2:56:10 - PHP Notice:  Undefined index: USD in D:\OSPanel\domains\mebel\www\system\library\cart\currency.php on line 26
2018-11-05 2:56:10 - PHP Notice:  Undefined index: USD in D:\OSPanel\domains\mebel\www\system\library\cart\currency.php on line 27
2018-11-05 2:56:10 - PHP Notice:  Undefined index: USD in D:\OSPanel\domains\mebel\www\system\library\cart\currency.php on line 30
2018-11-05 2:56:10 - PHP Notice:  Undefined index: USD in D:\OSPanel\domains\mebel\www\system\library\cart\currency.php on line 25
2018-11-05 2:56:10 - PHP Notice:  Undefined index: USD in D:\OSPanel\domains\mebel\www\system\library\cart\currency.php on line 26
2018-11-05 2:56:10 - PHP Notice:  Undefined index: USD in D:\OSPanel\domains\mebel\www\system\library\cart\currency.php on line 27
2018-11-05 2:56:10 - PHP Notice:  Undefined index: USD in D:\OSPanel\domains\mebel\www\system\library\cart\currency.php on line 30
2018-11-05 2:56:10 - PHP Notice:  Undefined index: USD in D:\OSPanel\domains\mebel\www\system\library\cart\currency.php on line 25
2018-11-05 2:56:10 - PHP Notice:  Undefined index: USD in D:\OSPanel\domains\mebel\www\system\library\cart\currency.php on line 26
2018-11-05 2:56:10 - PHP Notice:  Undefined index: USD in D:\OSPanel\domains\mebel\www\system\library\cart\currency.php on line 27
2018-11-05 2:56:10 - PHP Notice:  Undefined index: USD in D:\OSPanel\domains\mebel\www\system\library\cart\currency.php on line 30
2018-11-05 2:56:10 - PHP Notice:  Undefined index: USD in D:\OSPanel\domains\mebel\www\system\library\cart\currency.php on line 25
2018-11-05 2:56:10 - PHP Notice:  Undefined index: USD in D:\OSPanel\domains\mebel\www\system\library\cart\currency.php on line 26
2018-11-05 2:56:10 - PHP Notice:  Undefined index: USD in D:\OSPanel\domains\mebel\www\system\library\cart\currency.php on line 27
2018-11-05 2:56:10 - PHP Notice:  Undefined index: USD in D:\OSPanel\domains\mebel\www\system\library\cart\currency.php on line 30
2018-11-05 2:56:10 - PHP Notice:  Undefined index: USD in D:\OSPanel\domains\mebel\www\system\library\cart\currency.php on line 25
2018-11-05 2:56:10 - PHP Notice:  Undefined index: USD in D:\OSPanel\domains\mebel\www\system\library\cart\currency.php on line 26
2018-11-05 2:56:10 - PHP Notice:  Undefined index: USD in D:\OSPanel\domains\mebel\www\system\library\cart\currency.php on line 27
2018-11-05 2:56:10 - PHP Notice:  Undefined index: USD in D:\OSPanel\domains\mebel\www\system\library\cart\currency.php on line 30
2018-11-05 2:56:10 - PHP Notice:  Undefined index: USD in D:\OSPanel\domains\mebel\www\system\library\cart\currency.php on line 25
2018-11-05 2:56:10 - PHP Notice:  Undefined index: USD in D:\OSPanel\domains\mebel\www\system\library\cart\currency.php on line 26
2018-11-05 2:56:10 - PHP Notice:  Undefined index: USD in D:\OSPanel\domains\mebel\www\system\library\cart\currency.php on line 27
2018-11-05 2:56:10 - PHP Notice:  Undefined index: USD in D:\OSPanel\domains\mebel\www\system\library\cart\currency.php on line 30
2018-11-05 2:56:11 - PHP Warning:  Cannot modify header information - headers already sent by (output started at D:\OSPanel\domains\mebel\www\catalog\controller\startup\error.php:34) in D:\OSPanel\domains\mebel\www\catalog\controller\module\cosyone_recently.php on line 47
2018-11-05 2:56:11 - PHP Notice:  Undefined index: USD in D:\OSPanel\domains\mebel\www\system\library\cart\currency.php on line 25
2018-11-05 2:56:11 - PHP Notice:  Undefined index: USD in D:\OSPanel\domains\mebel\www\system\library\cart\currency.php on line 26
2018-11-05 2:56:11 - PHP Notice:  Undefined index: USD in D:\OSPanel\domains\mebel\www\system\library\cart\currency.php on line 27
2018-11-05 2:56:11 - PHP Notice:  Undefined index: USD in D:\OSPanel\domains\mebel\www\system\library\cart\currency.php on line 30
2018-11-05 2:56:11 - PHP Notice:  Undefined index: USD in D:\OSPanel\domains\mebel\www\system\library\cart\currency.php on line 25
2018-11-05 2:56:11 - PHP Notice:  Undefined index: USD in D:\OSPanel\domains\mebel\www\system\library\cart\currency.php on line 26
2018-11-05 2:56:11 - PHP Notice:  Undefined index: USD in D:\OSPanel\domains\mebel\www\system\library\cart\currency.php on line 27
2018-11-05 2:56:11 - PHP Notice:  Undefined index: USD in D:\OSPanel\domains\mebel\www\system\library\cart\currency.php on line 30
2018-11-05 2:56:11 - PHP Notice:  Undefined index: USD in D:\OSPanel\domains\mebel\www\system\library\cart\currency.php on line 25
2018-11-05 2:56:11 - PHP Notice:  Undefined index: USD in D:\OSPanel\domains\mebel\www\system\library\cart\currency.php on line 26
2018-11-05 2:56:11 - PHP Notice:  Undefined index: USD in D:\OSPanel\domains\mebel\www\system\library\cart\currency.php on line 27
2018-11-05 2:56:11 - PHP Notice:  Undefined index: USD in D:\OSPanel\domains\mebel\www\system\library\cart\currency.php on line 30
2018-11-05 2:56:16 - PHP Notice:  Undefined index: USD in D:\OSPanel\domains\mebel\www\system\library\cart\currency.php on line 25
2018-11-05 2:56:16 - PHP Notice:  Undefined index: USD in D:\OSPanel\domains\mebel\www\system\library\cart\currency.php on line 26
2018-11-05 2:56:16 - PHP Notice:  Undefined index: USD in D:\OSPanel\domains\mebel\www\system\library\cart\currency.php on line 27
2018-11-05 2:56:16 - PHP Notice:  Undefined index: USD in D:\OSPanel\domains\mebel\www\system\library\cart\currency.php on line 30
2018-11-05 2:56:16 - PHP Notice:  Undefined index: USD in D:\OSPanel\domains\mebel\www\system\library\cart\currency.php on line 25
2018-11-05 2:56:16 - PHP Notice:  Undefined index: USD in D:\OSPanel\domains\mebel\www\system\library\cart\currency.php on line 26
2018-11-05 2:56:16 - PHP Notice:  Undefined index: USD in D:\OSPanel\domains\mebel\www\system\library\cart\currency.php on line 27
2018-11-05 2:56:16 - PHP Notice:  Undefined index: USD in D:\OSPanel\domains\mebel\www\system\library\cart\currency.php on line 30
2018-11-05 2:56:16 - PHP Notice:  Undefined index: USD in D:\OSPanel\domains\mebel\www\system\library\cart\currency.php on line 25
2018-11-05 2:56:16 - PHP Notice:  Undefined index: USD in D:\OSPanel\domains\mebel\www\system\library\cart\currency.php on line 26
2018-11-05 2:56:16 - PHP Notice:  Undefined index: USD in D:\OSPanel\domains\mebel\www\system\library\cart\currency.php on line 27
2018-11-05 2:56:16 - PHP Notice:  Undefined index: USD in D:\OSPanel\domains\mebel\www\system\library\cart\currency.php on line 30
2018-11-05 2:57:07 - PHP Notice:  Undefined index: USD in D:\OSPanel\domains\mebel\www\system\library\cart\currency.php on line 25
2018-11-05 2:57:07 - PHP Notice:  Undefined index: USD in D:\OSPanel\domains\mebel\www\system\library\cart\currency.php on line 26
2018-11-05 2:57:07 - PHP Notice:  Undefined index: USD in D:\OSPanel\domains\mebel\www\system\library\cart\currency.php on line 27
2018-11-05 2:57:07 - PHP Notice:  Undefined index: USD in D:\OSPanel\domains\mebel\www\system\library\cart\currency.php on line 30
2018-11-05 2:57:07 - PHP Notice:  Undefined index: USD in D:\OSPanel\domains\mebel\www\system\library\cart\currency.php on line 25
2018-11-05 2:57:07 - PHP Notice:  Undefined index: USD in D:\OSPanel\domains\mebel\www\system\library\cart\currency.php on line 26
2018-11-05 2:57:07 - PHP Notice:  Undefined index: USD in D:\OSPanel\domains\mebel\www\system\library\cart\currency.php on line 27
2018-11-05 2:57:07 - PHP Notice:  Undefined index: USD in D:\OSPanel\domains\mebel\www\system\library\cart\currency.php on line 30
2018-11-05 2:57:09 - PHP Notice:  Undefined index: USD in D:\OSPanel\domains\mebel\www\system\library\cart\currency.php on line 25
2018-11-05 2:57:09 - PHP Notice:  Undefined index: USD in D:\OSPanel\domains\mebel\www\system\library\cart\currency.php on line 26
2018-11-05 2:57:09 - PHP Notice:  Undefined index: USD in D:\OSPanel\domains\mebel\www\system\library\cart\currency.php on line 27
2018-11-05 2:57:09 - PHP Notice:  Undefined index: USD in D:\OSPanel\domains\mebel\www\system\library\cart\currency.php on line 30
2018-11-05 2:57:09 - PHP Notice:  Undefined index: USD in D:\OSPanel\domains\mebel\www\system\library\cart\currency.php on line 25
2018-11-05 2:57:09 - PHP Notice:  Undefined index: USD in D:\OSPanel\domains\mebel\www\system\library\cart\currency.php on line 26
2018-11-05 2:57:09 - PHP Notice:  Undefined index: USD in D:\OSPanel\domains\mebel\www\system\library\cart\currency.php on line 27
2018-11-05 2:57:09 - PHP Notice:  Undefined index: USD in D:\OSPanel\domains\mebel\www\system\library\cart\currency.php on line 30
2018-11-05 2:57:09 - PHP Notice:  Undefined index: USD in D:\OSPanel\domains\mebel\www\system\library\cart\currency.php on line 25
2018-11-05 2:57:09 - PHP Notice:  Undefined index: USD in D:\OSPanel\domains\mebel\www\system\library\cart\currency.php on line 26
2018-11-05 2:57:09 - PHP Notice:  Undefined index: USD in D:\OSPanel\domains\mebel\www\system\library\cart\currency.php on line 27
2018-11-05 2:57:09 - PHP Notice:  Undefined index: USD in D:\OSPanel\domains\mebel\www\system\library\cart\currency.php on line 30
2018-11-05 2:57:09 - PHP Notice:  Undefined index: USD in D:\OSPanel\domains\mebel\www\system\library\cart\currency.php on line 25
2018-11-05 2:57:09 - PHP Notice:  Undefined index: USD in D:\OSPanel\domains\mebel\www\system\library\cart\currency.php on line 26
2018-11-05 2:57:09 - PHP Notice:  Undefined index: USD in D:\OSPanel\domains\mebel\www\system\library\cart\currency.php on line 27
2018-11-05 2:57:09 - PHP Notice:  Undefined index: USD in D:\OSPanel\domains\mebel\www\system\library\cart\currency.php on line 30
2018-11-05 2:57:09 - PHP Notice:  Undefined index: USD in D:\OSPanel\domains\mebel\www\system\library\cart\currency.php on line 25
2018-11-05 2:57:09 - PHP Notice:  Undefined index: USD in D:\OSPanel\domains\mebel\www\system\library\cart\currency.php on line 26
2018-11-05 2:57:09 - PHP Notice:  Undefined index: USD in D:\OSPanel\domains\mebel\www\system\library\cart\currency.php on line 27
2018-11-05 2:57:09 - PHP Notice:  Undefined index: USD in D:\OSPanel\domains\mebel\www\system\library\cart\currency.php on line 30
2018-11-05 2:57:09 - PHP Notice:  Undefined index: USD in D:\OSPanel\domains\mebel\www\system\library\cart\currency.php on line 25
2018-11-05 2:57:09 - PHP Notice:  Undefined index: USD in D:\OSPanel\domains\mebel\www\system\library\cart\currency.php on line 26
2018-11-05 2:57:09 - PHP Notice:  Undefined index: USD in D:\OSPanel\domains\mebel\www\system\library\cart\currency.php on line 27
2018-11-05 2:57:09 - PHP Notice:  Undefined index: USD in D:\OSPanel\domains\mebel\www\system\library\cart\currency.php on line 30
2018-11-05 2:57:09 - PHP Notice:  Undefined index: USD in D:\OSPanel\domains\mebel\www\system\library\cart\currency.php on line 25
2018-11-05 2:57:09 - PHP Notice:  Undefined index: USD in D:\OSPanel\domains\mebel\www\system\library\cart\currency.php on line 26
2018-11-05 2:57:09 - PHP Notice:  Undefined index: USD in D:\OSPanel\domains\mebel\www\system\library\cart\currency.php on line 27
2018-11-05 2:57:09 - PHP Notice:  Undefined index: USD in D:\OSPanel\domains\mebel\www\system\library\cart\currency.php on line 30
2018-11-05 2:57:09 - PHP Notice:  Undefined index: USD in D:\OSPanel\domains\mebel\www\system\library\cart\currency.php on line 25
2018-11-05 2:57:09 - PHP Notice:  Undefined index: USD in D:\OSPanel\domains\mebel\www\system\library\cart\currency.php on line 26
2018-11-05 2:57:09 - PHP Notice:  Undefined index: USD in D:\OSPanel\domains\mebel\www\system\library\cart\currency.php on line 27
2018-11-05 2:57:09 - PHP Notice:  Undefined index: USD in D:\OSPanel\domains\mebel\www\system\library\cart\currency.php on line 30
2018-11-05 2:57:10 - PHP Warning:  Cannot modify header information - headers already sent by (output started at D:\OSPanel\domains\mebel\www\catalog\controller\startup\error.php:34) in D:\OSPanel\domains\mebel\www\catalog\controller\module\cosyone_recently.php on line 47
2018-11-05 2:57:10 - PHP Notice:  Undefined index: USD in D:\OSPanel\domains\mebel\www\system\library\cart\currency.php on line 25
2018-11-05 2:57:10 - PHP Notice:  Undefined index: USD in D:\OSPanel\domains\mebel\www\system\library\cart\currency.php on line 26
2018-11-05 2:57:10 - PHP Notice:  Undefined index: USD in D:\OSPanel\domains\mebel\www\system\library\cart\currency.php on line 27
2018-11-05 2:57:10 - PHP Notice:  Undefined index: USD in D:\OSPanel\domains\mebel\www\system\library\cart\currency.php on line 30
2018-11-05 2:57:10 - PHP Notice:  Undefined index: USD in D:\OSPanel\domains\mebel\www\system\library\cart\currency.php on line 25
2018-11-05 2:57:10 - PHP Notice:  Undefined index: USD in D:\OSPanel\domains\mebel\www\system\library\cart\currency.php on line 26
2018-11-05 2:57:10 - PHP Notice:  Undefined index: USD in D:\OSPanel\domains\mebel\www\system\library\cart\currency.php on line 27
2018-11-05 2:57:10 - PHP Notice:  Undefined index: USD in D:\OSPanel\domains\mebel\www\system\library\cart\currency.php on line 30
2018-11-05 2:57:10 - PHP Notice:  Undefined index: USD in D:\OSPanel\domains\mebel\www\system\library\cart\currency.php on line 25
2018-11-05 2:57:10 - PHP Notice:  Undefined index: USD in D:\OSPanel\domains\mebel\www\system\library\cart\currency.php on line 26
2018-11-05 2:57:10 - PHP Notice:  Undefined index: USD in D:\OSPanel\domains\mebel\www\system\library\cart\currency.php on line 27
2018-11-05 2:57:10 - PHP Notice:  Undefined index: USD in D:\OSPanel\domains\mebel\www\system\library\cart\currency.php on line 30
2018-11-05 2:57:15 - PHP Notice:  Undefined index: USD in D:\OSPanel\domains\mebel\www\system\library\cart\currency.php on line 25
2018-11-05 2:57:15 - PHP Notice:  Undefined index: USD in D:\OSPanel\domains\mebel\www\system\library\cart\currency.php on line 26
2018-11-05 2:57:15 - PHP Notice:  Undefined index: USD in D:\OSPanel\domains\mebel\www\system\library\cart\currency.php on line 27
2018-11-05 2:57:15 - PHP Notice:  Undefined index: USD in D:\OSPanel\domains\mebel\www\system\library\cart\currency.php on line 30
2018-11-05 2:57:15 - PHP Notice:  Undefined index: USD in D:\OSPanel\domains\mebel\www\system\library\cart\currency.php on line 25
2018-11-05 2:57:15 - PHP Notice:  Undefined index: USD in D:\OSPanel\domains\mebel\www\system\library\cart\currency.php on line 26
2018-11-05 2:57:15 - PHP Notice:  Undefined index: USD in D:\OSPanel\domains\mebel\www\system\library\cart\currency.php on line 27
2018-11-05 2:57:15 - PHP Notice:  Undefined index: USD in D:\OSPanel\domains\mebel\www\system\library\cart\currency.php on line 30
2018-11-05 2:57:15 - PHP Notice:  Undefined index: USD in D:\OSPanel\domains\mebel\www\system\library\cart\currency.php on line 25
2018-11-05 2:57:15 - PHP Notice:  Undefined index: USD in D:\OSPanel\domains\mebel\www\system\library\cart\currency.php on line 26
2018-11-05 2:57:15 - PHP Notice:  Undefined index: USD in D:\OSPanel\domains\mebel\www\system\library\cart\currency.php on line 27
2018-11-05 2:57:15 - PHP Notice:  Undefined index: USD in D:\OSPanel\domains\mebel\www\system\library\cart\currency.php on line 30
2018-11-05 2:58:24 - PHP Notice:  Undefined index: USD in D:\OSPanel\domains\mebel\www\system\library\cart\currency.php on line 25
2018-11-05 2:58:24 - PHP Notice:  Undefined index: USD in D:\OSPanel\domains\mebel\www\system\library\cart\currency.php on line 26
2018-11-05 2:58:24 - PHP Notice:  Undefined index: USD in D:\OSPanel\domains\mebel\www\system\library\cart\currency.php on line 27
2018-11-05 2:58:24 - PHP Notice:  Undefined index: USD in D:\OSPanel\domains\mebel\www\system\library\cart\currency.php on line 30
2018-11-05 2:58:24 - PHP Notice:  Undefined index: USD in D:\OSPanel\domains\mebel\www\system\library\cart\currency.php on line 25
2018-11-05 2:58:24 - PHP Notice:  Undefined index: USD in D:\OSPanel\domains\mebel\www\system\library\cart\currency.php on line 26
2018-11-05 2:58:24 - PHP Notice:  Undefined index: USD in D:\OSPanel\domains\mebel\www\system\library\cart\currency.php on line 27
2018-11-05 2:58:24 - PHP Notice:  Undefined index: USD in D:\OSPanel\domains\mebel\www\system\library\cart\currency.php on line 30
2018-11-05 2:58:25 - PHP Notice:  Undefined index: USD in D:\OSPanel\domains\mebel\www\system\library\cart\currency.php on line 25
2018-11-05 2:58:25 - PHP Notice:  Undefined index: USD in D:\OSPanel\domains\mebel\www\system\library\cart\currency.php on line 26
2018-11-05 2:58:25 - PHP Notice:  Undefined index: USD in D:\OSPanel\domains\mebel\www\system\library\cart\currency.php on line 27
2018-11-05 2:58:25 - PHP Notice:  Undefined index: USD in D:\OSPanel\domains\mebel\www\system\library\cart\currency.php on line 30
2018-11-05 2:58:25 - PHP Notice:  Undefined index: USD in D:\OSPanel\domains\mebel\www\system\library\cart\currency.php on line 25
2018-11-05 2:58:25 - PHP Notice:  Undefined index: USD in D:\OSPanel\domains\mebel\www\system\library\cart\currency.php on line 26
2018-11-05 2:58:25 - PHP Notice:  Undefined index: USD in D:\OSPanel\domains\mebel\www\system\library\cart\currency.php on line 27
2018-11-05 2:58:25 - PHP Notice:  Undefined index: USD in D:\OSPanel\domains\mebel\www\system\library\cart\currency.php on line 30
2018-11-05 2:58:26 - PHP Notice:  Undefined index: USD in D:\OSPanel\domains\mebel\www\system\library\cart\currency.php on line 25
2018-11-05 2:58:26 - PHP Notice:  Undefined index: USD in D:\OSPanel\domains\mebel\www\system\library\cart\currency.php on line 26
2018-11-05 2:58:26 - PHP Notice:  Undefined index: USD in D:\OSPanel\domains\mebel\www\system\library\cart\currency.php on line 27
2018-11-05 2:58:26 - PHP Notice:  Undefined index: USD in D:\OSPanel\domains\mebel\www\system\library\cart\currency.php on line 30
2018-11-05 2:58:26 - PHP Notice:  Undefined index: USD in D:\OSPanel\domains\mebel\www\system\library\cart\currency.php on line 25
2018-11-05 2:58:26 - PHP Notice:  Undefined index: USD in D:\OSPanel\domains\mebel\www\system\library\cart\currency.php on line 26
2018-11-05 2:58:26 - PHP Notice:  Undefined index: USD in D:\OSPanel\domains\mebel\www\system\library\cart\currency.php on line 27
2018-11-05 2:58:26 - PHP Notice:  Undefined index: USD in D:\OSPanel\domains\mebel\www\system\library\cart\currency.php on line 30
2018-11-05 2:58:26 - PHP Notice:  Undefined index: USD in D:\OSPanel\domains\mebel\www\system\library\cart\currency.php on line 25
2018-11-05 2:58:26 - PHP Notice:  Undefined index: USD in D:\OSPanel\domains\mebel\www\system\library\cart\currency.php on line 26
2018-11-05 2:58:26 - PHP Notice:  Undefined index: USD in D:\OSPanel\domains\mebel\www\system\library\cart\currency.php on line 27
2018-11-05 2:58:26 - PHP Notice:  Undefined index: USD in D:\OSPanel\domains\mebel\www\system\library\cart\currency.php on line 30
2018-11-05 2:58:26 - PHP Notice:  Undefined index: USD in D:\OSPanel\domains\mebel\www\system\library\cart\currency.php on line 25
2018-11-05 2:58:26 - PHP Notice:  Undefined index: USD in D:\OSPanel\domains\mebel\www\system\library\cart\currency.php on line 26
2018-11-05 2:58:26 - PHP Notice:  Undefined index: USD in D:\OSPanel\domains\mebel\www\system\library\cart\currency.php on line 27
2018-11-05 2:58:26 - PHP Notice:  Undefined index: USD in D:\OSPanel\domains\mebel\www\system\library\cart\currency.php on line 30
2018-11-05 2:58:26 - PHP Notice:  Undefined index: USD in D:\OSPanel\domains\mebel\www\system\library\cart\currency.php on line 25
2018-11-05 2:58:26 - PHP Notice:  Undefined index: USD in D:\OSPanel\domains\mebel\www\system\library\cart\currency.php on line 26
2018-11-05 2:58:26 - PHP Notice:  Undefined index: USD in D:\OSPanel\domains\mebel\www\system\library\cart\currency.php on line 27
2018-11-05 2:58:26 - PHP Notice:  Undefined index: USD in D:\OSPanel\domains\mebel\www\system\library\cart\currency.php on line 30
2018-11-05 2:58:26 - PHP Notice:  Undefined index: USD in D:\OSPanel\domains\mebel\www\system\library\cart\currency.php on line 25
2018-11-05 2:58:26 - PHP Notice:  Undefined index: USD in D:\OSPanel\domains\mebel\www\system\library\cart\currency.php on line 26
2018-11-05 2:58:26 - PHP Notice:  Undefined index: USD in D:\OSPanel\domains\mebel\www\system\library\cart\currency.php on line 27
2018-11-05 2:58:26 - PHP Notice:  Undefined index: USD in D:\OSPanel\domains\mebel\www\system\library\cart\currency.php on line 30
2018-11-05 2:58:27 - PHP Warning:  Cannot modify header information - headers already sent by (output started at D:\OSPanel\domains\mebel\www\catalog\controller\startup\error.php:34) in D:\OSPanel\domains\mebel\www\catalog\controller\module\cosyone_recently.php on line 47
2018-11-05 2:58:27 - PHP Notice:  Undefined index: USD in D:\OSPanel\domains\mebel\www\system\library\cart\currency.php on line 25
2018-11-05 2:58:27 - PHP Notice:  Undefined index: USD in D:\OSPanel\domains\mebel\www\system\library\cart\currency.php on line 26
2018-11-05 2:58:27 - PHP Notice:  Undefined index: USD in D:\OSPanel\domains\mebel\www\system\library\cart\currency.php on line 27
2018-11-05 2:58:27 - PHP Notice:  Undefined index: USD in D:\OSPanel\domains\mebel\www\system\library\cart\currency.php on line 30
2018-11-05 2:58:27 - PHP Notice:  Undefined index: USD in D:\OSPanel\domains\mebel\www\system\library\cart\currency.php on line 25
2018-11-05 2:58:27 - PHP Notice:  Undefined index: USD in D:\OSPanel\domains\mebel\www\system\library\cart\currency.php on line 26
2018-11-05 2:58:27 - PHP Notice:  Undefined index: USD in D:\OSPanel\domains\mebel\www\system\library\cart\currency.php on line 27
2018-11-05 2:58:27 - PHP Notice:  Undefined index: USD in D:\OSPanel\domains\mebel\www\system\library\cart\currency.php on line 30
2018-11-05 2:58:27 - PHP Notice:  Undefined index: USD in D:\OSPanel\domains\mebel\www\system\library\cart\currency.php on line 25
2018-11-05 2:58:27 - PHP Notice:  Undefined index: USD in D:\OSPanel\domains\mebel\www\system\library\cart\currency.php on line 26
2018-11-05 2:58:27 - PHP Notice:  Undefined index: USD in D:\OSPanel\domains\mebel\www\system\library\cart\currency.php on line 27
2018-11-05 2:58:27 - PHP Notice:  Undefined index: USD in D:\OSPanel\domains\mebel\www\system\library\cart\currency.php on line 30
2018-11-05 2:58:32 - PHP Notice:  Undefined index: USD in D:\OSPanel\domains\mebel\www\system\library\cart\currency.php on line 25
2018-11-05 2:58:32 - PHP Notice:  Undefined index: USD in D:\OSPanel\domains\mebel\www\system\library\cart\currency.php on line 26
2018-11-05 2:58:32 - PHP Notice:  Undefined index: USD in D:\OSPanel\domains\mebel\www\system\library\cart\currency.php on line 27
2018-11-05 2:58:32 - PHP Notice:  Undefined index: USD in D:\OSPanel\domains\mebel\www\system\library\cart\currency.php on line 30
2018-11-05 2:58:32 - PHP Notice:  Undefined index: USD in D:\OSPanel\domains\mebel\www\system\library\cart\currency.php on line 25
2018-11-05 2:58:32 - PHP Notice:  Undefined index: USD in D:\OSPanel\domains\mebel\www\system\library\cart\currency.php on line 26
2018-11-05 2:58:32 - PHP Notice:  Undefined index: USD in D:\OSPanel\domains\mebel\www\system\library\cart\currency.php on line 27
2018-11-05 2:58:32 - PHP Notice:  Undefined index: USD in D:\OSPanel\domains\mebel\www\system\library\cart\currency.php on line 30
2018-11-05 2:58:32 - PHP Notice:  Undefined index: USD in D:\OSPanel\domains\mebel\www\system\library\cart\currency.php on line 25
2018-11-05 2:58:32 - PHP Notice:  Undefined index: USD in D:\OSPanel\domains\mebel\www\system\library\cart\currency.php on line 26
2018-11-05 2:58:32 - PHP Notice:  Undefined index: USD in D:\OSPanel\domains\mebel\www\system\library\cart\currency.php on line 27
2018-11-05 2:58:32 - PHP Notice:  Undefined index: USD in D:\OSPanel\domains\mebel\www\system\library\cart\currency.php on line 30
2018-11-05 2:58:39 - PHP Notice:  Undefined index: USD in D:\OSPanel\domains\mebel\www\system\library\cart\currency.php on line 25
2018-11-05 2:58:39 - PHP Notice:  Undefined index: USD in D:\OSPanel\domains\mebel\www\system\library\cart\currency.php on line 26
2018-11-05 2:58:39 - PHP Notice:  Undefined index: USD in D:\OSPanel\domains\mebel\www\system\library\cart\currency.php on line 27
2018-11-05 2:58:39 - PHP Notice:  Undefined index: USD in D:\OSPanel\domains\mebel\www\system\library\cart\currency.php on line 30
2018-11-05 2:58:39 - PHP Notice:  Undefined index: USD in D:\OSPanel\domains\mebel\www\system\library\cart\currency.php on line 25
2018-11-05 2:58:39 - PHP Notice:  Undefined index: USD in D:\OSPanel\domains\mebel\www\system\library\cart\currency.php on line 26
2018-11-05 2:58:39 - PHP Notice:  Undefined index: USD in D:\OSPanel\domains\mebel\www\system\library\cart\currency.php on line 27
2018-11-05 2:58:39 - PHP Notice:  Undefined index: USD in D:\OSPanel\domains\mebel\www\system\library\cart\currency.php on line 30
2018-11-05 2:58:41 - PHP Notice:  Undefined index: USD in D:\OSPanel\domains\mebel\www\system\library\cart\currency.php on line 25
2018-11-05 2:58:41 - PHP Notice:  Undefined index: USD in D:\OSPanel\domains\mebel\www\system\library\cart\currency.php on line 26
2018-11-05 2:58:41 - PHP Notice:  Undefined index: USD in D:\OSPanel\domains\mebel\www\system\library\cart\currency.php on line 27
2018-11-05 2:58:41 - PHP Notice:  Undefined index: USD in D:\OSPanel\domains\mebel\www\system\library\cart\currency.php on line 30
2018-11-05 2:58:41 - PHP Notice:  Undefined index: USD in D:\OSPanel\domains\mebel\www\system\library\cart\currency.php on line 25
2018-11-05 2:58:41 - PHP Notice:  Undefined index: USD in D:\OSPanel\domains\mebel\www\system\library\cart\currency.php on line 26
2018-11-05 2:58:41 - PHP Notice:  Undefined index: USD in D:\OSPanel\domains\mebel\www\system\library\cart\currency.php on line 27
2018-11-05 2:58:41 - PHP Notice:  Undefined index: USD in D:\OSPanel\domains\mebel\www\system\library\cart\currency.php on line 30
2018-11-05 2:58:42 - PHP Notice:  Undefined index: USD in D:\OSPanel\domains\mebel\www\system\library\cart\currency.php on line 25
2018-11-05 2:58:42 - PHP Notice:  Undefined index: USD in D:\OSPanel\domains\mebel\www\system\library\cart\currency.php on line 26
2018-11-05 2:58:42 - PHP Notice:  Undefined index: USD in D:\OSPanel\domains\mebel\www\system\library\cart\currency.php on line 27
2018-11-05 2:58:42 - PHP Notice:  Undefined index: USD in D:\OSPanel\domains\mebel\www\system\library\cart\currency.php on line 30
2018-11-05 2:58:42 - PHP Notice:  Undefined index: USD in D:\OSPanel\domains\mebel\www\system\library\cart\currency.php on line 25
2018-11-05 2:58:42 - PHP Notice:  Undefined index: USD in D:\OSPanel\domains\mebel\www\system\library\cart\currency.php on line 26
2018-11-05 2:58:42 - PHP Notice:  Undefined index: USD in D:\OSPanel\domains\mebel\www\system\library\cart\currency.php on line 27
2018-11-05 2:58:42 - PHP Notice:  Undefined index: USD in D:\OSPanel\domains\mebel\www\system\library\cart\currency.php on line 30
2018-11-05 2:58:42 - PHP Notice:  Undefined index: USD in D:\OSPanel\domains\mebel\www\system\library\cart\currency.php on line 25
2018-11-05 2:58:42 - PHP Notice:  Undefined index: USD in D:\OSPanel\domains\mebel\www\system\library\cart\currency.php on line 26
2018-11-05 2:58:42 - PHP Notice:  Undefined index: USD in D:\OSPanel\domains\mebel\www\system\library\cart\currency.php on line 27
2018-11-05 2:58:42 - PHP Notice:  Undefined index: USD in D:\OSPanel\domains\mebel\www\system\library\cart\currency.php on line 30
2018-11-05 2:58:42 - PHP Notice:  Undefined index: USD in D:\OSPanel\domains\mebel\www\system\library\cart\currency.php on line 25
2018-11-05 2:58:42 - PHP Notice:  Undefined index: USD in D:\OSPanel\domains\mebel\www\system\library\cart\currency.php on line 26
2018-11-05 2:58:42 - PHP Notice:  Undefined index: USD in D:\OSPanel\domains\mebel\www\system\library\cart\currency.php on line 27
2018-11-05 2:58:42 - PHP Notice:  Undefined index: USD in D:\OSPanel\domains\mebel\www\system\library\cart\currency.php on line 30
2018-11-05 2:58:42 - PHP Notice:  Undefined index: USD in D:\OSPanel\domains\mebel\www\system\library\cart\currency.php on line 25
2018-11-05 2:58:42 - PHP Notice:  Undefined index: USD in D:\OSPanel\domains\mebel\www\system\library\cart\currency.php on line 26
2018-11-05 2:58:42 - PHP Notice:  Undefined index: USD in D:\OSPanel\domains\mebel\www\system\library\cart\currency.php on line 27
2018-11-05 2:58:42 - PHP Notice:  Undefined index: USD in D:\OSPanel\domains\mebel\www\system\library\cart\currency.php on line 30
2018-11-05 2:58:42 - PHP Notice:  Undefined index: USD in D:\OSPanel\domains\mebel\www\system\library\cart\currency.php on line 25
2018-11-05 2:58:42 - PHP Notice:  Undefined index: USD in D:\OSPanel\domains\mebel\www\system\library\cart\currency.php on line 26
2018-11-05 2:58:42 - PHP Notice:  Undefined index: USD in D:\OSPanel\domains\mebel\www\system\library\cart\currency.php on line 27
2018-11-05 2:58:42 - PHP Notice:  Undefined index: USD in D:\OSPanel\domains\mebel\www\system\library\cart\currency.php on line 30
2018-11-05 2:58:43 - PHP Warning:  Cannot modify header information - headers already sent by (output started at D:\OSPanel\domains\mebel\www\catalog\controller\startup\error.php:34) in D:\OSPanel\domains\mebel\www\catalog\controller\module\cosyone_recently.php on line 47
2018-11-05 2:58:43 - PHP Notice:  Undefined index: USD in D:\OSPanel\domains\mebel\www\system\library\cart\currency.php on line 25
2018-11-05 2:58:43 - PHP Notice:  Undefined index: USD in D:\OSPanel\domains\mebel\www\system\library\cart\currency.php on line 26
2018-11-05 2:58:43 - PHP Notice:  Undefined index: USD in D:\OSPanel\domains\mebel\www\system\library\cart\currency.php on line 27
2018-11-05 2:58:43 - PHP Notice:  Undefined index: USD in D:\OSPanel\domains\mebel\www\system\library\cart\currency.php on line 30
2018-11-05 2:58:43 - PHP Notice:  Undefined index: USD in D:\OSPanel\domains\mebel\www\system\library\cart\currency.php on line 25
2018-11-05 2:58:43 - PHP Notice:  Undefined index: USD in D:\OSPanel\domains\mebel\www\system\library\cart\currency.php on line 26
2018-11-05 2:58:43 - PHP Notice:  Undefined index: USD in D:\OSPanel\domains\mebel\www\system\library\cart\currency.php on line 27
2018-11-05 2:58:43 - PHP Notice:  Undefined index: USD in D:\OSPanel\domains\mebel\www\system\library\cart\currency.php on line 30
2018-11-05 2:58:43 - PHP Notice:  Undefined index: USD in D:\OSPanel\domains\mebel\www\system\library\cart\currency.php on line 25
2018-11-05 2:58:43 - PHP Notice:  Undefined index: USD in D:\OSPanel\domains\mebel\www\system\library\cart\currency.php on line 26
2018-11-05 2:58:43 - PHP Notice:  Undefined index: USD in D:\OSPanel\domains\mebel\www\system\library\cart\currency.php on line 27
2018-11-05 2:58:43 - PHP Notice:  Undefined index: USD in D:\OSPanel\domains\mebel\www\system\library\cart\currency.php on line 30
2018-11-05 2:58:48 - PHP Notice:  Undefined index: USD in D:\OSPanel\domains\mebel\www\system\library\cart\currency.php on line 25
2018-11-05 2:58:48 - PHP Notice:  Undefined index: USD in D:\OSPanel\domains\mebel\www\system\library\cart\currency.php on line 26
2018-11-05 2:58:48 - PHP Notice:  Undefined index: USD in D:\OSPanel\domains\mebel\www\system\library\cart\currency.php on line 27
2018-11-05 2:58:48 - PHP Notice:  Undefined index: USD in D:\OSPanel\domains\mebel\www\system\library\cart\currency.php on line 30
2018-11-05 2:58:48 - PHP Notice:  Undefined index: USD in D:\OSPanel\domains\mebel\www\system\library\cart\currency.php on line 25
2018-11-05 2:58:48 - PHP Notice:  Undefined index: USD in D:\OSPanel\domains\mebel\www\system\library\cart\currency.php on line 26
2018-11-05 2:58:48 - PHP Notice:  Undefined index: USD in D:\OSPanel\domains\mebel\www\system\library\cart\currency.php on line 27
2018-11-05 2:58:48 - PHP Notice:  Undefined index: USD in D:\OSPanel\domains\mebel\www\system\library\cart\currency.php on line 30
2018-11-05 2:58:48 - PHP Notice:  Undefined index: USD in D:\OSPanel\domains\mebel\www\system\library\cart\currency.php on line 25
2018-11-05 2:58:48 - PHP Notice:  Undefined index: USD in D:\OSPanel\domains\mebel\www\system\library\cart\currency.php on line 26
2018-11-05 2:58:48 - PHP Notice:  Undefined index: USD in D:\OSPanel\domains\mebel\www\system\library\cart\currency.php on line 27
2018-11-05 2:58:48 - PHP Notice:  Undefined index: USD in D:\OSPanel\domains\mebel\www\system\library\cart\currency.php on line 30
2018-11-05 3:00:43 - PHP Notice:  Undefined index: USD in D:\OSPanel\domains\mebel\www\system\library\cart\currency.php on line 25
2018-11-05 3:00:43 - PHP Notice:  Undefined index: USD in D:\OSPanel\domains\mebel\www\system\library\cart\currency.php on line 26
2018-11-05 3:00:43 - PHP Notice:  Undefined index: USD in D:\OSPanel\domains\mebel\www\system\library\cart\currency.php on line 27
2018-11-05 3:00:43 - PHP Notice:  Undefined index: USD in D:\OSPanel\domains\mebel\www\system\library\cart\currency.php on line 30
2018-11-05 3:00:43 - PHP Notice:  Undefined index: USD in D:\OSPanel\domains\mebel\www\system\library\cart\currency.php on line 25
2018-11-05 3:00:43 - PHP Notice:  Undefined index: USD in D:\OSPanel\domains\mebel\www\system\library\cart\currency.php on line 26
2018-11-05 3:00:43 - PHP Notice:  Undefined index: USD in D:\OSPanel\domains\mebel\www\system\library\cart\currency.php on line 27
2018-11-05 3:00:43 - PHP Notice:  Undefined index: USD in D:\OSPanel\domains\mebel\www\system\library\cart\currency.php on line 30
2018-11-05 3:00:45 - PHP Notice:  Undefined index: USD in D:\OSPanel\domains\mebel\www\system\library\cart\currency.php on line 25
2018-11-05 3:00:45 - PHP Notice:  Undefined index: USD in D:\OSPanel\domains\mebel\www\system\library\cart\currency.php on line 26
2018-11-05 3:00:45 - PHP Notice:  Undefined index: USD in D:\OSPanel\domains\mebel\www\system\library\cart\currency.php on line 27
2018-11-05 3:00:45 - PHP Notice:  Undefined index: USD in D:\OSPanel\domains\mebel\www\system\library\cart\currency.php on line 30
2018-11-05 3:00:45 - PHP Notice:  Undefined index: USD in D:\OSPanel\domains\mebel\www\system\library\cart\currency.php on line 25
2018-11-05 3:00:45 - PHP Notice:  Undefined index: USD in D:\OSPanel\domains\mebel\www\system\library\cart\currency.php on line 26
2018-11-05 3:00:45 - PHP Notice:  Undefined index: USD in D:\OSPanel\domains\mebel\www\system\library\cart\currency.php on line 27
2018-11-05 3:00:45 - PHP Notice:  Undefined index: USD in D:\OSPanel\domains\mebel\www\system\library\cart\currency.php on line 30
2018-11-05 3:00:45 - PHP Notice:  Undefined index: USD in D:\OSPanel\domains\mebel\www\system\library\cart\currency.php on line 25
2018-11-05 3:00:45 - PHP Notice:  Undefined index: USD in D:\OSPanel\domains\mebel\www\system\library\cart\currency.php on line 26
2018-11-05 3:00:45 - PHP Notice:  Undefined index: USD in D:\OSPanel\domains\mebel\www\system\library\cart\currency.php on line 27
2018-11-05 3:00:45 - PHP Notice:  Undefined index: USD in D:\OSPanel\domains\mebel\www\system\library\cart\currency.php on line 30
2018-11-05 3:00:45 - PHP Notice:  Undefined index: USD in D:\OSPanel\domains\mebel\www\system\library\cart\currency.php on line 25
2018-11-05 3:00:45 - PHP Notice:  Undefined index: USD in D:\OSPanel\domains\mebel\www\system\library\cart\currency.php on line 26
2018-11-05 3:00:45 - PHP Notice:  Undefined index: USD in D:\OSPanel\domains\mebel\www\system\library\cart\currency.php on line 27
2018-11-05 3:00:45 - PHP Notice:  Undefined index: USD in D:\OSPanel\domains\mebel\www\system\library\cart\currency.php on line 30
2018-11-05 3:00:45 - PHP Notice:  Undefined index: USD in D:\OSPanel\domains\mebel\www\system\library\cart\currency.php on line 25
2018-11-05 3:00:45 - PHP Notice:  Undefined index: USD in D:\OSPanel\domains\mebel\www\system\library\cart\currency.php on line 26
2018-11-05 3:00:45 - PHP Notice:  Undefined index: USD in D:\OSPanel\domains\mebel\www\system\library\cart\currency.php on line 27
2018-11-05 3:00:45 - PHP Notice:  Undefined index: USD in D:\OSPanel\domains\mebel\www\system\library\cart\currency.php on line 30
2018-11-05 3:00:45 - PHP Notice:  Undefined index: USD in D:\OSPanel\domains\mebel\www\system\library\cart\currency.php on line 25
2018-11-05 3:00:45 - PHP Notice:  Undefined index: USD in D:\OSPanel\domains\mebel\www\system\library\cart\currency.php on line 26
2018-11-05 3:00:45 - PHP Notice:  Undefined index: USD in D:\OSPanel\domains\mebel\www\system\library\cart\currency.php on line 27
2018-11-05 3:00:45 - PHP Notice:  Undefined index: USD in D:\OSPanel\domains\mebel\www\system\library\cart\currency.php on line 30
2018-11-05 3:00:46 - PHP Notice:  Undefined index: USD in D:\OSPanel\domains\mebel\www\system\library\cart\currency.php on line 25
2018-11-05 3:00:46 - PHP Notice:  Undefined index: USD in D:\OSPanel\domains\mebel\www\system\library\cart\currency.php on line 26
2018-11-05 3:00:46 - PHP Notice:  Undefined index: USD in D:\OSPanel\domains\mebel\www\system\library\cart\currency.php on line 27
2018-11-05 3:00:46 - PHP Notice:  Undefined index: USD in D:\OSPanel\domains\mebel\www\system\library\cart\currency.php on line 30
2018-11-05 3:00:46 - PHP Notice:  Undefined index: USD in D:\OSPanel\domains\mebel\www\system\library\cart\currency.php on line 25
2018-11-05 3:00:46 - PHP Notice:  Undefined index: USD in D:\OSPanel\domains\mebel\www\system\library\cart\currency.php on line 26
2018-11-05 3:00:46 - PHP Notice:  Undefined index: USD in D:\OSPanel\domains\mebel\www\system\library\cart\currency.php on line 27
2018-11-05 3:00:46 - PHP Notice:  Undefined index: USD in D:\OSPanel\domains\mebel\www\system\library\cart\currency.php on line 30
2018-11-05 3:00:46 - PHP Warning:  Cannot modify header information - headers already sent by (output started at D:\OSPanel\domains\mebel\www\catalog\controller\startup\error.php:34) in D:\OSPanel\domains\mebel\www\catalog\controller\module\cosyone_recently.php on line 47
2018-11-05 3:00:46 - PHP Notice:  Undefined index: USD in D:\OSPanel\domains\mebel\www\system\library\cart\currency.php on line 25
2018-11-05 3:00:46 - PHP Notice:  Undefined index: USD in D:\OSPanel\domains\mebel\www\system\library\cart\currency.php on line 26
2018-11-05 3:00:46 - PHP Notice:  Undefined index: USD in D:\OSPanel\domains\mebel\www\system\library\cart\currency.php on line 27
2018-11-05 3:00:46 - PHP Notice:  Undefined index: USD in D:\OSPanel\domains\mebel\www\system\library\cart\currency.php on line 30
2018-11-05 3:00:46 - PHP Notice:  Undefined index: USD in D:\OSPanel\domains\mebel\www\system\library\cart\currency.php on line 25
2018-11-05 3:00:46 - PHP Notice:  Undefined index: USD in D:\OSPanel\domains\mebel\www\system\library\cart\currency.php on line 26
2018-11-05 3:00:46 - PHP Notice:  Undefined index: USD in D:\OSPanel\domains\mebel\www\system\library\cart\currency.php on line 27
2018-11-05 3:00:46 - PHP Notice:  Undefined index: USD in D:\OSPanel\domains\mebel\www\system\library\cart\currency.php on line 30
2018-11-05 3:00:46 - PHP Notice:  Undefined index: USD in D:\OSPanel\domains\mebel\www\system\library\cart\currency.php on line 25
2018-11-05 3:00:46 - PHP Notice:  Undefined index: USD in D:\OSPanel\domains\mebel\www\system\library\cart\currency.php on line 26
2018-11-05 3:00:46 - PHP Notice:  Undefined index: USD in D:\OSPanel\domains\mebel\www\system\library\cart\currency.php on line 27
2018-11-05 3:00:46 - PHP Notice:  Undefined index: USD in D:\OSPanel\domains\mebel\www\system\library\cart\currency.php on line 30
2018-11-05 3:00:52 - PHP Notice:  Undefined index: USD in D:\OSPanel\domains\mebel\www\system\library\cart\currency.php on line 25
2018-11-05 3:00:52 - PHP Notice:  Undefined index: USD in D:\OSPanel\domains\mebel\www\system\library\cart\currency.php on line 26
2018-11-05 3:00:52 - PHP Notice:  Undefined index: USD in D:\OSPanel\domains\mebel\www\system\library\cart\currency.php on line 27
2018-11-05 3:00:52 - PHP Notice:  Undefined index: USD in D:\OSPanel\domains\mebel\www\system\library\cart\currency.php on line 30
2018-11-05 3:00:52 - PHP Notice:  Undefined index: USD in D:\OSPanel\domains\mebel\www\system\library\cart\currency.php on line 25
2018-11-05 3:00:52 - PHP Notice:  Undefined index: USD in D:\OSPanel\domains\mebel\www\system\library\cart\currency.php on line 26
2018-11-05 3:00:52 - PHP Notice:  Undefined index: USD in D:\OSPanel\domains\mebel\www\system\library\cart\currency.php on line 27
2018-11-05 3:00:52 - PHP Notice:  Undefined index: USD in D:\OSPanel\domains\mebel\www\system\library\cart\currency.php on line 30
2018-11-05 3:00:52 - PHP Notice:  Undefined index: USD in D:\OSPanel\domains\mebel\www\system\library\cart\currency.php on line 25
2018-11-05 3:00:52 - PHP Notice:  Undefined index: USD in D:\OSPanel\domains\mebel\www\system\library\cart\currency.php on line 26
2018-11-05 3:00:52 - PHP Notice:  Undefined index: USD in D:\OSPanel\domains\mebel\www\system\library\cart\currency.php on line 27
2018-11-05 3:00:52 - PHP Notice:  Undefined index: USD in D:\OSPanel\domains\mebel\www\system\library\cart\currency.php on line 30
2018-11-05 3:03:27 - PHP Notice:  Undefined index: USD in D:\OSPanel\domains\mebel\www\system\library\cart\currency.php on line 25
2018-11-05 3:03:27 - PHP Notice:  Undefined index: USD in D:\OSPanel\domains\mebel\www\system\library\cart\currency.php on line 26
2018-11-05 3:03:27 - PHP Notice:  Undefined index: USD in D:\OSPanel\domains\mebel\www\system\library\cart\currency.php on line 27
2018-11-05 3:03:27 - PHP Notice:  Undefined index: USD in D:\OSPanel\domains\mebel\www\system\library\cart\currency.php on line 30
2018-11-05 3:03:27 - PHP Notice:  Undefined index: USD in D:\OSPanel\domains\mebel\www\system\library\cart\currency.php on line 25
2018-11-05 3:03:27 - PHP Notice:  Undefined index: USD in D:\OSPanel\domains\mebel\www\system\library\cart\currency.php on line 26
2018-11-05 3:03:27 - PHP Notice:  Undefined index: USD in D:\OSPanel\domains\mebel\www\system\library\cart\currency.php on line 27
2018-11-05 3:03:27 - PHP Notice:  Undefined index: USD in D:\OSPanel\domains\mebel\www\system\library\cart\currency.php on line 30
2018-11-05 3:03:29 - PHP Notice:  Undefined index: USD in D:\OSPanel\domains\mebel\www\system\library\cart\currency.php on line 25
2018-11-05 3:03:29 - PHP Notice:  Undefined index: USD in D:\OSPanel\domains\mebel\www\system\library\cart\currency.php on line 26
2018-11-05 3:03:29 - PHP Notice:  Undefined index: USD in D:\OSPanel\domains\mebel\www\system\library\cart\currency.php on line 27
2018-11-05 3:03:29 - PHP Notice:  Undefined index: USD in D:\OSPanel\domains\mebel\www\system\library\cart\currency.php on line 30
2018-11-05 3:03:29 - PHP Notice:  Undefined index: USD in D:\OSPanel\domains\mebel\www\system\library\cart\currency.php on line 25
2018-11-05 3:03:29 - PHP Notice:  Undefined index: USD in D:\OSPanel\domains\mebel\www\system\library\cart\currency.php on line 26
2018-11-05 3:03:29 - PHP Notice:  Undefined index: USD in D:\OSPanel\domains\mebel\www\system\library\cart\currency.php on line 27
2018-11-05 3:03:29 - PHP Notice:  Undefined index: USD in D:\OSPanel\domains\mebel\www\system\library\cart\currency.php on line 30
2018-11-05 3:03:29 - PHP Notice:  Undefined index: USD in D:\OSPanel\domains\mebel\www\system\library\cart\currency.php on line 25
2018-11-05 3:03:29 - PHP Notice:  Undefined index: USD in D:\OSPanel\domains\mebel\www\system\library\cart\currency.php on line 26
2018-11-05 3:03:29 - PHP Notice:  Undefined index: USD in D:\OSPanel\domains\mebel\www\system\library\cart\currency.php on line 27
2018-11-05 3:03:29 - PHP Notice:  Undefined index: USD in D:\OSPanel\domains\mebel\www\system\library\cart\currency.php on line 30
2018-11-05 3:03:29 - PHP Notice:  Undefined index: USD in D:\OSPanel\domains\mebel\www\system\library\cart\currency.php on line 25
2018-11-05 3:03:29 - PHP Notice:  Undefined index: USD in D:\OSPanel\domains\mebel\www\system\library\cart\currency.php on line 26
2018-11-05 3:03:29 - PHP Notice:  Undefined index: USD in D:\OSPanel\domains\mebel\www\system\library\cart\currency.php on line 27
2018-11-05 3:03:29 - PHP Notice:  Undefined index: USD in D:\OSPanel\domains\mebel\www\system\library\cart\currency.php on line 30
2018-11-05 3:03:29 - PHP Notice:  Undefined index: USD in D:\OSPanel\domains\mebel\www\system\library\cart\currency.php on line 25
2018-11-05 3:03:29 - PHP Notice:  Undefined index: USD in D:\OSPanel\domains\mebel\www\system\library\cart\currency.php on line 26
2018-11-05 3:03:29 - PHP Notice:  Undefined index: USD in D:\OSPanel\domains\mebel\www\system\library\cart\currency.php on line 27
2018-11-05 3:03:29 - PHP Notice:  Undefined index: USD in D:\OSPanel\domains\mebel\www\system\library\cart\currency.php on line 30
2018-11-05 3:03:29 - PHP Notice:  Undefined index: USD in D:\OSPanel\domains\mebel\www\system\library\cart\currency.php on line 25
2018-11-05 3:03:29 - PHP Notice:  Undefined index: USD in D:\OSPanel\domains\mebel\www\system\library\cart\currency.php on line 26
2018-11-05 3:03:29 - PHP Notice:  Undefined index: USD in D:\OSPanel\domains\mebel\www\system\library\cart\currency.php on line 27
2018-11-05 3:03:29 - PHP Notice:  Undefined index: USD in D:\OSPanel\domains\mebel\www\system\library\cart\currency.php on line 30
2018-11-05 3:03:30 - PHP Notice:  Undefined index: USD in D:\OSPanel\domains\mebel\www\system\library\cart\currency.php on line 25
2018-11-05 3:03:30 - PHP Notice:  Undefined index: USD in D:\OSPanel\domains\mebel\www\system\library\cart\currency.php on line 26
2018-11-05 3:03:30 - PHP Notice:  Undefined index: USD in D:\OSPanel\domains\mebel\www\system\library\cart\currency.php on line 27
2018-11-05 3:03:30 - PHP Notice:  Undefined index: USD in D:\OSPanel\domains\mebel\www\system\library\cart\currency.php on line 30
2018-11-05 3:03:30 - PHP Notice:  Undefined index: USD in D:\OSPanel\domains\mebel\www\system\library\cart\currency.php on line 25
2018-11-05 3:03:30 - PHP Notice:  Undefined index: USD in D:\OSPanel\domains\mebel\www\system\library\cart\currency.php on line 26
2018-11-05 3:03:30 - PHP Notice:  Undefined index: USD in D:\OSPanel\domains\mebel\www\system\library\cart\currency.php on line 27
2018-11-05 3:03:30 - PHP Notice:  Undefined index: USD in D:\OSPanel\domains\mebel\www\system\library\cart\currency.php on line 30
2018-11-05 3:03:30 - PHP Warning:  Cannot modify header information - headers already sent by (output started at D:\OSPanel\domains\mebel\www\catalog\controller\startup\error.php:34) in D:\OSPanel\domains\mebel\www\catalog\controller\module\cosyone_recently.php on line 47
2018-11-05 3:03:30 - PHP Notice:  Undefined index: USD in D:\OSPanel\domains\mebel\www\system\library\cart\currency.php on line 25
2018-11-05 3:03:30 - PHP Notice:  Undefined index: USD in D:\OSPanel\domains\mebel\www\system\library\cart\currency.php on line 26
2018-11-05 3:03:30 - PHP Notice:  Undefined index: USD in D:\OSPanel\domains\mebel\www\system\library\cart\currency.php on line 27
2018-11-05 3:03:30 - PHP Notice:  Undefined index: USD in D:\OSPanel\domains\mebel\www\system\library\cart\currency.php on line 30
2018-11-05 3:03:30 - PHP Notice:  Undefined index: USD in D:\OSPanel\domains\mebel\www\system\library\cart\currency.php on line 25
2018-11-05 3:03:30 - PHP Notice:  Undefined index: USD in D:\OSPanel\domains\mebel\www\system\library\cart\currency.php on line 26
2018-11-05 3:03:30 - PHP Notice:  Undefined index: USD in D:\OSPanel\domains\mebel\www\system\library\cart\currency.php on line 27
2018-11-05 3:03:30 - PHP Notice:  Undefined index: USD in D:\OSPanel\domains\mebel\www\system\library\cart\currency.php on line 30
2018-11-05 3:03:30 - PHP Notice:  Undefined index: USD in D:\OSPanel\domains\mebel\www\system\library\cart\currency.php on line 25
2018-11-05 3:03:30 - PHP Notice:  Undefined index: USD in D:\OSPanel\domains\mebel\www\system\library\cart\currency.php on line 26
2018-11-05 3:03:30 - PHP Notice:  Undefined index: USD in D:\OSPanel\domains\mebel\www\system\library\cart\currency.php on line 27
2018-11-05 3:03:30 - PHP Notice:  Undefined index: USD in D:\OSPanel\domains\mebel\www\system\library\cart\currency.php on line 30
2018-11-05 3:03:35 - PHP Notice:  Undefined index: USD in D:\OSPanel\domains\mebel\www\system\library\cart\currency.php on line 25
2018-11-05 3:03:35 - PHP Notice:  Undefined index: USD in D:\OSPanel\domains\mebel\www\system\library\cart\currency.php on line 26
2018-11-05 3:03:35 - PHP Notice:  Undefined index: USD in D:\OSPanel\domains\mebel\www\system\library\cart\currency.php on line 27
2018-11-05 3:03:35 - PHP Notice:  Undefined index: USD in D:\OSPanel\domains\mebel\www\system\library\cart\currency.php on line 30
2018-11-05 3:03:36 - PHP Notice:  Undefined index: USD in D:\OSPanel\domains\mebel\www\system\library\cart\currency.php on line 25
2018-11-05 3:03:36 - PHP Notice:  Undefined index: USD in D:\OSPanel\domains\mebel\www\system\library\cart\currency.php on line 26
2018-11-05 3:03:36 - PHP Notice:  Undefined index: USD in D:\OSPanel\domains\mebel\www\system\library\cart\currency.php on line 27
2018-11-05 3:03:36 - PHP Notice:  Undefined index: USD in D:\OSPanel\domains\mebel\www\system\library\cart\currency.php on line 30
2018-11-05 3:03:36 - PHP Notice:  Undefined index: USD in D:\OSPanel\domains\mebel\www\system\library\cart\currency.php on line 25
2018-11-05 3:03:36 - PHP Notice:  Undefined index: USD in D:\OSPanel\domains\mebel\www\system\library\cart\currency.php on line 26
2018-11-05 3:03:36 - PHP Notice:  Undefined index: USD in D:\OSPanel\domains\mebel\www\system\library\cart\currency.php on line 27
2018-11-05 3:03:36 - PHP Notice:  Undefined index: USD in D:\OSPanel\domains\mebel\www\system\library\cart\currency.php on line 30
