---------- Date: 2018-11-04 01:06:41 ~ IP : 127.0.0.1 ----------
REQUEST URI : /komplekty?limit=30
MOD DETAILS:
   modFile   : D:\OpenServer\domains\mebel.loc\vqmod/xml/all.install.ocmod.xml
   id        : 
   version   : OpenCart Version 2.2
   vqmver    : 2.0.0
   author    : Rupak Nepali

File Name    : catalog/view/theme/*/template/common/header.tpl(0)
VQModObject::applyMod - SEARCH NOT FOUND (ABORTING MOD): <ul class="nav navbar-nav">
----------------------------------------------------------------------


---------- Date: 2018-11-04 01:11:23 ~ IP : 127.0.0.1 ----------
REQUEST URI : /komplekty?_route_=komplekty&limit=30
MOD DETAILS:
   modFile   : D:\OpenServer\domains\mebel.loc\vqmod/xml/all.install.ocmod.xml
   id        : 
   version   : OpenCart Version 2.2
   vqmver    : 2.0.0
   author    : Rupak Nepali

File Name    : catalog/view/theme/*/template/common/header.tpl(0)
VQModObject::applyMod - SEARCH NOT FOUND (ABORTING MOD): <ul class="nav navbar-nav">
----------------------------------------------------------------------


---------- Date: 2018-11-04 01:24:07 ~ IP : 127.0.0.1 ----------
REQUEST URI : /common/language?language=uk-ua
MOD DETAILS:
   modFile   : D:\OpenServer\domains\mebel.loc\vqmod/xml/all.install.ocmod.xml
   id        : 
   version   : OpenCart Version 2.2
   vqmver    : 2.0.0
   author    : Rupak Nepali

File Name    : catalog/view/theme/*/template/common/header.tpl(0)
VQModObject::applyMod - SEARCH NOT FOUND (ABORTING MOD): <ul class="nav navbar-nav">
----------------------------------------------------------------------


---------- Date: 2018-11-04 01:24:43 ~ IP : 127.0.0.1 ----------
REQUEST URI : /komplekty
MOD DETAILS:
   modFile   : D:\OpenServer\domains\mebel.loc\vqmod/xml/all.install.ocmod.xml
   id        : 
   version   : OpenCart Version 2.2
   vqmver    : 2.0.0
   author    : Rupak Nepali

File Name    : catalog/view/theme/*/template/common/header.tpl(0)
VQModObject::applyMod - SEARCH NOT FOUND (ABORTING MOD): <ul class="nav navbar-nav">
----------------------------------------------------------------------


---------- Date: 2018-11-04 03:35:44 ~ IP : 127.0.0.1 ----------
REQUEST URI : /komplekty
MOD DETAILS:
   modFile   : D:\OpenServer\domains\mebel.loc\vqmod/xml/all.install.ocmod.xml
   id        : 
   version   : OpenCart Version 2.2
   vqmver    : 2.0.0
   author    : Rupak Nepali

File Name    : catalog/view/theme/*/template/common/header.tpl(0)
VQModObject::applyMod - SEARCH NOT FOUND (ABORTING MOD): <ul class="nav navbar-nav">
----------------------------------------------------------------------


---------- Date: 2018-11-04 03:43:32 ~ IP : 127.0.0.1 ----------
REQUEST URI : /
MOD DETAILS:
   modFile   : D:\OpenServer\domains\mebel.loc\vqmod/xml/all.install.ocmod.xml
   id        : 
   version   : OpenCart Version 2.2
   vqmver    : 2.0.0
   author    : Rupak Nepali

File Name    : catalog/view/theme/*/template/common/header.tpl(0)
VQModObject::applyMod - SEARCH NOT FOUND (ABORTING MOD): <ul class="nav navbar-nav">
----------------------------------------------------------------------


---------- Date: 2018-11-04 03:44:33 ~ IP : 127.0.0.1 ----------
REQUEST URI : /komplekty?_route_=komplekty
MOD DETAILS:
   modFile   : D:\OpenServer\domains\mebel.loc\vqmod/xml/all.install.ocmod.xml
   id        : 
   version   : OpenCart Version 2.2
   vqmver    : 2.0.0
   author    : Rupak Nepali

File Name    : catalog/view/theme/*/template/common/header.tpl(0)
VQModObject::applyMod - SEARCH NOT FOUND (ABORTING MOD): <ul class="nav navbar-nav">
----------------------------------------------------------------------


---------- Date: 2018-11-04 03:45:31 ~ IP : 127.0.0.1 ----------
REQUEST URI : /komplekty?_route_=komplekty
MOD DETAILS:
   modFile   : D:\OpenServer\domains\mebel.loc\vqmod/xml/all.install.ocmod.xml
   id        : 
   version   : OpenCart Version 2.2
   vqmver    : 2.0.0
   author    : Rupak Nepali

File Name    : catalog/view/theme/*/template/common/header.tpl(0)
VQModObject::applyMod - SEARCH NOT FOUND (ABORTING MOD): <ul class="nav navbar-nav">
----------------------------------------------------------------------


---------- Date: 2018-11-04 03:46:03 ~ IP : 127.0.0.1 ----------
REQUEST URI : /komplekty?_route_=komplekty
MOD DETAILS:
   modFile   : D:\OpenServer\domains\mebel.loc\vqmod/xml/all.install.ocmod.xml
   id        : 
   version   : OpenCart Version 2.2
   vqmver    : 2.0.0
   author    : Rupak Nepali

File Name    : catalog/view/theme/*/template/common/header.tpl(0)
VQModObject::applyMod - SEARCH NOT FOUND (ABORTING MOD): <ul class="nav navbar-nav">
----------------------------------------------------------------------


---------- Date: 2018-11-04 03:53:42 ~ IP : 127.0.0.1 ----------
REQUEST URI : /komplekty?_route_=komplekty
MOD DETAILS:
   modFile   : D:\OpenServer\domains\mebel.loc\vqmod/xml/all.install.ocmod.xml
   id        : 
   version   : OpenCart Version 2.2
   vqmver    : 2.0.0
   author    : Rupak Nepali

File Name    : catalog/view/theme/*/template/common/header.tpl(0)
VQModObject::applyMod - SEARCH NOT FOUND (ABORTING MOD): <ul class="nav navbar-nav">
----------------------------------------------------------------------


---------- Date: 2018-11-04 03:54:28 ~ IP : 127.0.0.1 ----------
REQUEST URI : /komplekty?_route_=komplekty
MOD DETAILS:
   modFile   : D:\OpenServer\domains\mebel.loc\vqmod/xml/all.install.ocmod.xml
   id        : 
   version   : OpenCart Version 2.2
   vqmver    : 2.0.0
   author    : Rupak Nepali

File Name    : catalog/view/theme/*/template/common/header.tpl(0)
VQModObject::applyMod - SEARCH NOT FOUND (ABORTING MOD): <ul class="nav navbar-nav">
----------------------------------------------------------------------


---------- Date: 2018-11-04 03:55:10 ~ IP : 127.0.0.1 ----------
REQUEST URI : /komplekty?_route_=komplekty
MOD DETAILS:
   modFile   : D:\OpenServer\domains\mebel.loc\vqmod/xml/all.install.ocmod.xml
   id        : 
   version   : OpenCart Version 2.2
   vqmver    : 2.0.0
   author    : Rupak Nepali

File Name    : catalog/view/theme/*/template/common/header.tpl(0)
VQModObject::applyMod - SEARCH NOT FOUND (ABORTING MOD): <ul class="nav navbar-nav">
----------------------------------------------------------------------


---------- Date: 2018-11-04 03:55:47 ~ IP : 127.0.0.1 ----------
REQUEST URI : /komplekty?_route_=komplekty
MOD DETAILS:
   modFile   : D:\OpenServer\domains\mebel.loc\vqmod/xml/all.install.ocmod.xml
   id        : 
   version   : OpenCart Version 2.2
   vqmver    : 2.0.0
   author    : Rupak Nepali

File Name    : catalog/view/theme/*/template/common/header.tpl(0)
VQModObject::applyMod - SEARCH NOT FOUND (ABORTING MOD): <ul class="nav navbar-nav">
----------------------------------------------------------------------


---------- Date: 2018-11-04 03:56:56 ~ IP : 127.0.0.1 ----------
REQUEST URI : /komplekty?_route_=komplekty
MOD DETAILS:
   modFile   : D:\OpenServer\domains\mebel.loc\vqmod/xml/all.install.ocmod.xml
   id        : 
   version   : OpenCart Version 2.2
   vqmver    : 2.0.0
   author    : Rupak Nepali

File Name    : catalog/view/theme/*/template/common/header.tpl(0)
VQModObject::applyMod - SEARCH NOT FOUND (ABORTING MOD): <ul class="nav navbar-nav">
----------------------------------------------------------------------


---------- Date: 2018-11-04 03:58:16 ~ IP : 127.0.0.1 ----------
REQUEST URI : /komplekty?_route_=komplekty
MOD DETAILS:
   modFile   : D:\OpenServer\domains\mebel.loc\vqmod/xml/all.install.ocmod.xml
   id        : 
   version   : OpenCart Version 2.2
   vqmver    : 2.0.0
   author    : Rupak Nepali

File Name    : catalog/view/theme/*/template/common/header.tpl(0)
VQModObject::applyMod - SEARCH NOT FOUND (ABORTING MOD): <ul class="nav navbar-nav">
----------------------------------------------------------------------


---------- Date: 2018-11-04 04:08:31 ~ IP : 127.0.0.1 ----------
REQUEST URI : /komplekty?_route_=komplekty
MOD DETAILS:
   modFile   : D:\OpenServer\domains\mebel.loc\vqmod/xml/all.install.ocmod.xml
   id        : 
   version   : OpenCart Version 2.2
   vqmver    : 2.0.0
   author    : Rupak Nepali

File Name    : catalog/view/theme/*/template/common/header.tpl(0)
VQModObject::applyMod - SEARCH NOT FOUND (ABORTING MOD): <ul class="nav navbar-nav">
----------------------------------------------------------------------


