---------- Date: 2018-11-05 00:20:43 ~ IP : 127.0.0.1 ----------
REQUEST URI : /komplekty/test
MOD DETAILS:
   modFile   : D:\OpenServer\domains\mebel.loc\vqmod/xml/cosyone_blog.xml
   id        : OPENCART BLOG
   version   : 1.0
   vqmver    : 2.5.0
   author    : Karl Pers - openthemer@gmail.com

File Name    : catalog/controller/startup/seo_url.php(4)
VQModObject::applyMod - SEARCH NOT FOUND (SKIPPED): ($data['route'] == 'information/information' && $key == 'information_id'))
MOD DETAILS:
   modFile   : D:\OpenServer\domains\mebel.loc\vqmod/xml/all.install.ocmod.xml
   id        : 
   version   : OpenCart Version 2.2
   vqmver    : 2.0.0
   author    : Rupak Nepali

File Name    : catalog/view/theme/*/template/common/header.tpl(0)
VQModObject::applyMod - SEARCH NOT FOUND (ABORTING MOD): <ul class="nav navbar-nav">
----------------------------------------------------------------------


---------- Date: 2018-11-05 01:06:41 ~ IP : 127.0.0.1 ----------
REQUEST URI : /samsung-galaxy-tab-10-1?old=1
MOD DETAILS:
   modFile   : D:\OSPanel\domains\mebel\www\vqmod/xml/all.install.ocmod.xml
   id        : 
   version   : OpenCart Version 2.2
   vqmver    : 2.0.0
   author    : Rupak Nepali

File Name    : catalog/view/theme/*/template/common/header.tpl(0)
VQModObject::applyMod - SEARCH NOT FOUND (ABORTING MOD): <ul class="nav navbar-nav">
----------------------------------------------------------------------


---------- Date: 2018-11-05 02:25:33 ~ IP : 127.0.0.1 ----------
REQUEST URI : /samsung-galaxy-tab-10-1?old=1
MOD DETAILS:
   modFile   : D:\OSPanel\domains\mebel\www\vqmod/xml/all.install.ocmod.xml
   id        : 
   version   : OpenCart Version 2.2
   vqmver    : 2.0.0
   author    : Rupak Nepali

File Name    : catalog/view/theme/*/template/common/header.tpl(0)
VQModObject::applyMod - SEARCH NOT FOUND (ABORTING MOD): <ul class="nav navbar-nav">
----------------------------------------------------------------------


---------- Date: 2018-11-05 02:28:25 ~ IP : 127.0.0.1 ----------
REQUEST URI : /samsung-galaxy-tab-10-1?old=1
MOD DETAILS:
   modFile   : D:\OSPanel\domains\mebel\www\vqmod/xml/all.install.ocmod.xml
   id        : 
   version   : OpenCart Version 2.2
   vqmver    : 2.0.0
   author    : Rupak Nepali

File Name    : catalog/view/theme/*/template/common/header.tpl(0)
VQModObject::applyMod - SEARCH NOT FOUND (ABORTING MOD): <ul class="nav navbar-nav">
----------------------------------------------------------------------


---------- Date: 2018-11-05 02:37:12 ~ IP : 127.0.0.1 ----------
REQUEST URI : /samsung-galaxy-tab-10-1?old=1
MOD DETAILS:
   modFile   : D:\OSPanel\domains\mebel\www\vqmod/xml/all.install.ocmod.xml
   id        : 
   version   : OpenCart Version 2.2
   vqmver    : 2.0.0
   author    : Rupak Nepali

File Name    : catalog/view/theme/*/template/common/header.tpl(0)
VQModObject::applyMod - SEARCH NOT FOUND (ABORTING MOD): <ul class="nav navbar-nav">
----------------------------------------------------------------------


