---------- Date: 2019-04-02 00:56:39 ~ IP : 127.0.0.1 ----------
REQUEST URI : /index.php?route=checkout/success
MOD DETAILS:
   modFile   : D:\OpenServer\domains\mebel.loc\vqmod/xml/cosyone_blog.xml
   id        : OPENCART BLOG
   version   : 1.0
   vqmver    : 2.5.0
   author    : Karl Pers - openthemer@gmail.com

File Name    : catalog/controller/startup/seo_url.php(4)
VQModObject::applyMod - SEARCH NOT FOUND (SKIPPED): ($data['route'] == 'information/information' && $key == 'information_id'))
MOD DETAILS:
   modFile   : D:\OpenServer\domains\mebel.loc\vqmod/xml/all.install.ocmod.xml
   id        : 
   version   : OpenCart Version 2.2
   vqmver    : 2.0.0
   author    : Rupak Nepali

File Name    : catalog/view/theme/*/template/common/header.tpl(0)
VQModObject::applyMod - SEARCH NOT FOUND (ABORTING MOD): <ul class="nav navbar-nav">
----------------------------------------------------------------------


---------- Date: 2019-04-02 01:19:09 ~ IP : 127.0.0.1 ----------
REQUEST URI : /index.php?route=product/product/getCalculatedPrice
MOD DETAILS:
   modFile   : D:\OpenServer\domains\mebel.loc\vqmod/xml/cosyone_theme.xml
   id        : cosyone theme
   version   : 1.0
   vqmver    : 2.X
   author    : Karl Pers - Openthemer.com

File Name    : catalog/controller/product/product.php(7)
VQModObject::applyMod - SEARCH NOT FOUND (ABORTING MOD): $data['images'] = array();
----------------------------------------------------------------------


