---------- Date: 2018-11-03 17:47:04 ~ IP : 127.0.0.1 ----------
REQUEST URI : /
MOD DETAILS:
   modFile   : D:\OpenServer\domains\mebel.loc\vqmod/xml/all.install.ocmod.xml
   id        : 
   version   : OpenCart Version 2.2
   vqmver    : 2.0.0
   author    : Rupak Nepali

File Name    : catalog/view/theme/*/template/common/header.tpl(0)
VQModObject::applyMod - SEARCH NOT FOUND (ABORTING MOD): <ul class="nav navbar-nav">
----------------------------------------------------------------------


---------- Date: 2018-11-03 17:47:32 ~ IP : 127.0.0.1 ----------
REQUEST URI : /
MOD DETAILS:
   modFile   : D:\OpenServer\domains\mebel.loc\vqmod/xml/all.install.ocmod.xml
   id        : 
   version   : OpenCart Version 2.2
   vqmver    : 2.0.0
   author    : Rupak Nepali

File Name    : catalog/view/theme/*/template/common/header.tpl(0)
VQModObject::applyMod - SEARCH NOT FOUND (ABORTING MOD): <ul class="nav navbar-nav">
----------------------------------------------------------------------


---------- Date: 2018-11-03 17:48:47 ~ IP : 127.0.0.1 ----------
REQUEST URI : /
MOD DETAILS:
   modFile   : D:\OpenServer\domains\mebel.loc\vqmod/xml/all.install.ocmod.xml
   id        : 
   version   : OpenCart Version 2.2
   vqmver    : 2.0.0
   author    : Rupak Nepali

File Name    : catalog/view/theme/*/template/common/header.tpl(0)
VQModObject::applyMod - SEARCH NOT FOUND (ABORTING MOD): <ul class="nav navbar-nav">
----------------------------------------------------------------------


